Reto3/Tictactoe/app/build/intermediates/manifest_merge_blame_file/debug/manifest-merger-blame-debug-report.txt
1<?xml version="1.0" encoding="utf-8"?>
2<manifest xmlns:android="http://schemas.android.com/apk/res/android"
3    package="dafrodriguezro.tictactoe"
4    android:versionCode="1"
5    android:versionName="1.0" >
6
7    <uses-sdk
8        android:minSdkVersion="15"
8-->src\main\AndroidManifest.xml
9        android:targetSdkVersion="27" />
9-->src\main\AndroidManifest.xml
10
11    <application
11-->src\main\AndroidManifest.xml:6:5-21:19
12        android:allowBackup="true"
12-->src\main\AndroidManifest.xml:7:9-35
13        android:debuggable="true"
14        android:icon="@mipmap/ic_launcher"
14-->src\main\AndroidManifest.xml:8:9-43
15        android:label="@string/app_name"
15-->src\main\AndroidManifest.xml:9:9-41
16        android:roundIcon="@mipmap/ic_launcher_round"
16-->src\main\AndroidManifest.xml:10:9-54
17        android:supportsRtl="true"
17-->src\main\AndroidManifest.xml:11:9-35
18        android:theme="@style/AppTheme" >
18-->src\main\AndroidManifest.xml:12:9-40
19        <activity android:name="dafrodriguezro.tictactoe.game" >
19-->src\main\AndroidManifest.xml:14:9-20:20
19-->src\main\AndroidManifest.xml:14:19-39
20            <intent-filter>
20-->src\main\AndroidManifest.xml:15:13-19:29
21                <action android:name="android.intent.action.MAIN" />
21-->src\main\AndroidManifest.xml:16:17-69
21-->src\main\AndroidManifest.xml:16:25-66
22
23                <category android:name="android.intent.category.LAUNCHER" />
23-->src\main\AndroidManifest.xml:18:17-77
23-->src\main\AndroidManifest.xml:18:27-74
24            </intent-filter>
25        </activity>
26    </application>
27
28</manifest>